<?xml version="1.0" encoding="UTF-8"?>
<!-- Generated by org.testng.reporters.JUnitReportReporter -->
<testsuite hostname="DESKTOP-S858PR4" failures="0" tests="4" name="com.testng.project.Prioritytest" time="0.022" errors="0" timestamp="2024-01-23T20:31:55 IST" skipped="0">
  <testcase classname="com.testng.project.Prioritytest" name="searchproduct" time="0.013"/>
  <system-out/>
  <testcase classname="com.testng.project.Prioritytest" name="login" time="0.004"/>
  <system-out/>
  <testcase classname="com.testng.project.Prioritytest" name="Browser_launch" time="0.002"/>
  <system-out/>
  <testcase classname="com.testng.project.Prioritytest" name="orderconfirm" time="0.003"/>
  <system-out/>
</testsuite> <!-- com.testng.project.Prioritytest -->
