<?xml version="1.0" encoding="UTF-8"?>
<!-- Generated by org.testng.reporters.JUnitReportReporter -->
<testsuite hostname="DESKTOP-S858PR4" failures="0" tests="2" name="com.testng.project.Parallel_Test" time="12.046" errors="0" timestamp="2024-01-29T23:44:38 IST" skipped="0">
  <testcase classname="com.testng.project.Parallel_Test" name="facebook" time="6.196"/>
  <system-out/>
  <testcase classname="com.testng.project.Parallel_Test" name="instagram" time="5.850"/>
  <system-out/>
</testsuite> <!-- com.testng.project.Parallel_Test -->
