<?xml version="1.0" encoding="UTF-8"?>
<!-- Generated by org.testng.reporters.JUnitReportReporter -->
<testsuite hostname="DESKTOP-S858PR4" failures="0" tests="4" name="com.testng.project.Timeout" time="0.022" errors="0" timestamp="2024-02-16T08:57:18 IST" skipped="0">
  <testcase classname="com.testng.project.Timeout" name="searchproduct" time="0.002"/>
  <system-out/>
  <testcase classname="com.testng.project.Timeout" name="Browser_launch" time="0.012"/>
  <system-out/>
  <testcase classname="com.testng.project.Timeout" name="login" time="0.006"/>
  <system-out/>
  <testcase classname="com.testng.project.Timeout" name="orderconfirm" time="0.002"/>
  <system-out/>
</testsuite> <!-- com.testng.project.Timeout -->
