<?xml version="1.0" encoding="UTF-8"?>
<!-- Generated by org.testng.reporters.JUnitReportReporter -->
<testsuite hostname="DESKTOP-S858PR4" failures="0" tests="6" name="com.testng.project.InvocationCount" time="0.030" errors="0" timestamp="2024-01-23T13:37:14 IST" skipped="0">
  <testcase classname="com.testng.project.InvocationCount" name="login" time="0.003"/>
  <system-out/>
  <testcase classname="com.testng.project.InvocationCount" name="Browser_launch" time="0.014"/>
  <system-out/>
  <testcase classname="com.testng.project.InvocationCount" name="login" time="0.002"/>
  <system-out/>
  <testcase classname="com.testng.project.InvocationCount" name="searchproduct" time="0.005"/>
  <system-out/>
  <testcase classname="com.testng.project.InvocationCount" name="login" time="0.003"/>
  <system-out/>
  <testcase classname="com.testng.project.InvocationCount" name="orderconfirm" time="0.003"/>
  <system-out/>
</testsuite> <!-- com.testng.project.InvocationCount -->
