<?xml version="1.0" encoding="UTF-8"?>
<!-- Generated by org.testng.reporters.JUnitReportReporter -->
<testsuite hostname="DESKTOP-S858PR4" failures="0" tests="5" name="com.testng.project.Mynthra" time="15.339" errors="0" timestamp="2024-01-28T18:16:29 IST" skipped="0">
  <testcase classname="com.testng.project.Mynthra" name="browserLaunch" time="3.076"/>
  <system-out/>
  <testcase classname="com.testng.project.Mynthra" name="searchContent" time="4.203"/>
  <system-out/>
  <testcase classname="com.testng.project.Mynthra" name="totalNoOfProducts" time="0.045"/>
  <system-out/>
  <testcase classname="com.testng.project.Mynthra" name="minProductPrice" time="0.846"/>
  <system-out/>
  <testcase classname="com.testng.project.Mynthra" name="urlLaunch" time="7.169"/>
  <system-out/>
</testsuite> <!-- com.testng.project.Mynthra -->
