<?xml version="1.0" encoding="UTF-8"?>
<!-- Generated by org.testng.reporters.JUnitReportReporter -->
<testsuite hostname="DESKTOP-S858PR4" failures="0" tests="4" name="com.testng.project.Project_1" time="0.024" errors="0" timestamp="2024-01-28T18:31:57 IST" skipped="0">
  <testcase classname="com.testng.project.Project_1" name="login" time="0.005"/>
  <system-out/>
  <testcase classname="com.testng.project.Project_1" name="orderconfirm" time="0.004"/>
  <system-out/>
  <testcase classname="com.testng.project.Project_1" name="Browser_launch" time="0.014"/>
  <system-out/>
  <testcase classname="com.testng.project.Project_1" name="searchproduct" time="0.001"/>
  <system-out/>
</testsuite> <!-- com.testng.project.Project_1 -->
