<?xml version="1.0" encoding="UTF-8"?>
<!-- Generated by org.testng.reporters.JUnitReportReporter -->
<testsuite hostname="DESKTOP-S858PR4" failures="0" tests="6" name="com.testng.project.Group_Test" time="0.029" errors="0" timestamp="2024-02-09T21:57:18 IST" skipped="0">
  <testcase classname="com.testng.project.Group_Test" name="ipone_With_One_Accessory_Plcement" time="0.002"/>
  <system-out/>
  <testcase classname="com.testng.project.Group_Test" name="iphone_With_Two_Accessory_Placement" time="0.013"/>
  <system-out/>
  <testcase classname="com.testng.project.Group_Test" name="iphone_order_placement" time="0.002"/>
  <system-out/>
  <testcase classname="com.testng.project.Group_Test" name="samsung_With_two_Placement" time="0.002"/>
  <system-out/>
  <testcase classname="com.testng.project.Group_Test" name="samsaung_Order_Placemant" time="0.001"/>
  <system-out/>
  <testcase classname="com.testng.project.Group_Test" name="samsung_With_One_Accessory_Plcement" time="0.009"/>
  <system-out/>
</testsuite> <!-- com.testng.project.Group_Test -->
